TN:
SF:src\clases\EstimacionProblema.ts
FN:8,EstimacionProblema
FNF:1
FNH:0
FNDA:0,EstimacionProblema
DA:1,1
DA:2,1
DA:3,1
DA:4,1
DA:5,1
DA:6,1
DA:7,1
DA:8,1
DA:9,0
DA:10,0
DA:11,0
DA:12,1
LF:12
LH:9
BRF:0
BRH:0
end_of_record
TN:
SF:src\clases\Incidente.ts
FN:14,Incidente
FN:24,getFechaResolucion
FNF:2
FNH:0
FNDA:0,Incidente
FNDA:0,getFechaResolucion
DA:1,1
DA:2,1
DA:3,1
DA:4,1
DA:5,1
DA:6,1
DA:7,1
DA:8,1
DA:9,1
DA:10,1
DA:11,1
DA:12,1
DA:13,1
DA:14,1
DA:15,0
DA:16,0
DA:17,0
DA:18,0
DA:19,0
DA:20,0
DA:21,1
DA:22,1
DA:23,1
DA:24,1
DA:25,0
DA:26,0
DA:27,1
LF:27
LH:19
BRF:0
BRH:0
end_of_record
TN:
SF:src\clases\Operador.ts
FN:7,Operador
FNF:1
FNH:0
FNDA:0,Operador
DA:1,1
DA:2,1
DA:3,1
DA:4,1
DA:5,1
DA:6,1
DA:7,1
DA:8,0
DA:9,0
DA:10,1
LF:10
LH:8
BRF:0
BRH:0
end_of_record
TN:
SF:src\clases\Problema.ts
FN:8,Problema
FNF:1
FNH:0
FNDA:0,Problema
DA:1,1
DA:2,1
DA:3,1
DA:4,1
DA:5,1
DA:6,1
DA:7,1
DA:8,1
DA:9,0
DA:10,0
DA:11,0
DA:12,0
DA:13,1
LF:13
LH:9
BRF:0
BRH:0
end_of_record
TN:
SF:src\clases\Tecnico.ts
FN:9,Tecnico
FNF:1
FNH:0
FNDA:0,Tecnico
DA:1,1
DA:2,1
DA:3,1
DA:4,1
DA:5,1
DA:6,1
DA:7,1
DA:8,1
DA:9,1
DA:10,0
DA:11,0
DA:12,0
DA:13,0
DA:14,1
LF:14
LH:10
BRF:0
BRH:0
end_of_record
TN:
SF:src\clases\TipoProblema.ts
FN:6,TipoProblema
FNF:1
FNH:0
FNDA:0,TipoProblema
DA:1,1
DA:2,1
DA:3,1
DA:4,1
DA:5,1
DA:6,1
DA:7,0
DA:8,0
DA:9,0
DA:10,1
LF:10
LH:7
BRF:0
BRH:0
end_of_record
